<?xml version="1.0" encoding="UTF-8"?>
<!-- Generated by org.testng.reporters.JUnitXMLReporter -->
<testsuite hostname="manish-PC" name="Test-method test" tests="12" failures="0" timestamp="16 May 2017 04:22:04 GMT" time="0.06" errors="0">
  <testcase name="testB" time="0.02" classname="com.testng.exmple.ParallelExp1"/>
  <testcase name="testA" time="0.01" classname="com.testng.exmple.ParallelExp1"/>
  <testcase name="testA" time="0.02" classname="com.testng.exmple.ParallelExp1"/>
  <testcase name="testA" time="0.02" classname="com.testng.exmple.ParallelExp1"/>
  <testcase name="testA" time="0.0" classname="com.testng.exmple.ParallelExp1"/>
  <testcase name="testA" time="0.01" classname="com.testng.exmple.ParallelExp1"/>
  <testcase name="testA" time="0.0" classname="com.testng.exmple.ParallelExp1"/>
  <testcase name="testC" time="0.01" classname="com.testng.exmple.ParallelExp1"/>
  <testcase name="testA" time="0.0" classname="com.testng.exmple.ParallelExp1"/>
  <testcase name="testA" time="0.0" classname="com.testng.exmple.ParallelExp1"/>
  <testcase name="testA" time="0.0" classname="com.testng.exmple.ParallelExp1"/>
  <testcase name="testA" time="0.02" classname="com.testng.exmple.ParallelExp1"/>
</testsuite> <!-- Test-method test -->
