<?xml version="1.0" encoding="UTF-8"?>
<!-- Generated by org.testng.reporters.JUnitReportReporter -->
<testsuite skipped="0" hostname="ICPL14054" name="com.automation.bd.automation_bd.AppTest1" tests="2" failures="0" timestamp="2019-12-22T14:05:45 IST" time="0.004" errors="0">
  <testcase name="AppTest13" time="0.000" classname="com.automation.bd.automation_bd.AppTest1"/>
  <testcase name="AppTest12" time="0.004" classname="com.automation.bd.automation_bd.AppTest1"/>
</testsuite> <!-- com.automation.bd.automation_bd.AppTest1 -->
