<?xml version="1.0" encoding="UTF-8"?>
<!-- Generated by org.testng.reporters.JUnitReportReporter -->
<testsuite skipped="0" hostname="ICPL14054" name="com.automation.bd.automation_bd.AppTest" tests="2" failures="0" timestamp="2019-12-14T16:47:56 IST" time="0.005" errors="0">
  <testcase name="AppTest13" time="0.000" classname="com.automation.bd.automation_bd.AppTest"/>
  <testcase name="AppTest12" time="0.005" classname="com.automation.bd.automation_bd.AppTest"/>
</testsuite> <!-- com.automation.bd.automation_bd.AppTest -->
