<?xml version="1.0" encoding="UTF-8"?>
<!-- Generated by org.testng.reporters.JUnitReportReporter -->
<testsuite skipped="0" hostname="ICPL12870" name="assert_practice.SoftAssertExample" tests="1" failures="0" timestamp="18 Mar 2019 09:27:05 GMT" time="0.000" errors="0">
  <testcase name="test1" time="0.000" classname="assert_practice.SoftAssertExample"/>
</testsuite> <!-- assert_practice.SoftAssertExample -->
