<?xml version="1.0" encoding="UTF-8"?>
<!-- Generated by org.testng.reporters.JUnitReportReporter -->
<testsuite skipped="0" hostname="ICPL12870" name="testng_practice.TestNG_GroupTestExample" tests="3" failures="0" timestamp="18 Mar 2019 05:14:48 GMT" time="0.000" errors="0">
  <testcase name="testSalutationMessage" time="0.000" classname="testng_practice.TestNG_GroupTestExample"/>
  <testcase name="testingExitMessage" time="0.000" classname="testng_practice.TestNG_GroupTestExample"/>
  <testcase name="testPrintMessage" time="0.000" classname="testng_practice.TestNG_GroupTestExample"/>
</testsuite> <!-- testng_practice.TestNG_GroupTestExample -->
