<?xml version="1.0" encoding="UTF-8"?>
<!-- Generated by org.testng.reporters.JUnitReportReporter -->
<testsuite skipped="0" hostname="ICPL12870" name="assert_practice.HardAssertExample" tests="2" failures="0" timestamp="18 Mar 2019 16:56:47 GMT" time="0.011" errors="0">
  <testcase name="test2" time="0.001" classname="assert_practice.HardAssertExample"/>
  <testcase name="test1" time="0.010" classname="assert_practice.HardAssertExample"/>
</testsuite> <!-- assert_practice.HardAssertExample -->
