<?xml version="1.0" encoding="UTF-8"?>
<!-- Generated by org.testng.reporters.JUnitReportReporter -->
<testsuite skipped="0" hostname="ICPL12870" name="testng_practice.TestNG_Test" tests="1" failures="0" timestamp="17 Mar 2019 16:47:43 GMT" time="0.004" errors="0">
  <testcase name="testAdd" time="0.004" classname="testng_practice.TestNG_Test"/>
</testsuite> <!-- testng_practice.TestNG_Test -->
