<?xml version="1.0" encoding="UTF-8"?>
<!-- Generated by org.testng.reporters.JUnitReportReporter -->
<testsuite skipped="0" hostname="ICPL12870" name="testng_practice.TestNgAnnotation" tests="2" failures="0" timestamp="17 Mar 2019 16:47:43 GMT" time="0.002" errors="0">
  <testcase name="testCase2" time="0.001" classname="testng_practice.TestNgAnnotation"/>
  <testcase name="testCase1" time="0.001" classname="testng_practice.TestNgAnnotation"/>
</testsuite> <!-- testng_practice.TestNgAnnotation -->
