<?xml version="1.0" encoding="UTF-8"?>
<!-- Generated by org.testng.reporters.JUnitReportReporter -->
<testsuite skipped="0" hostname="ICPL12870" name="com.testing.AppTest" tests="3" failures="0" timestamp="02 Mar 2019 17:31:15 GMT" time="0.012" errors="0">
  <testcase name="shouldAnswerWithTrue" time="0.010" classname="com.testing.AppTest"/>
  <testcase name="shouldAnswerWithTrue2" time="0.001" classname="com.testing.AppTest"/>
  <testcase name="shouldAnswerWithTrue3" time="0.001" classname="com.testing.AppTest"/>
</testsuite> <!-- com.testing.AppTest -->
