<?xml version="1.0" encoding="UTF-8"?>
<!-- Generated by org.testng.reporters.JUnitReportReporter -->
<testsuite skipped="0" hostname="ICPL12870" name="com.testing.RunSeleniumInFirefox" tests="1" failures="0" timestamp="02 Mar 2019 17:31:15 GMT" time="0.000" errors="0">
  <testcase name="shouldAnswerWithTrue2" time="0.000" classname="com.testing.RunSeleniumInFirefox"/>
</testsuite> <!-- com.testing.RunSeleniumInFirefox -->
