<?xml version="1.0" encoding="UTF-8"?>
<!-- Generated by org.testng.reporters.JUnitReportReporter -->
<testsuite skipped="0" hostname="ICPL12870" name="com.testng.test.TestA" tests="1" failures="0" timestamp="02 Mar 2019 16:02:59 GMT" time="0.006" errors="0">
  <testcase name="testA1" time="0.006" classname="com.testng.test.TestA"/>
</testsuite> <!-- com.testng.test.TestA -->
