<?xml version="1.0" encoding="UTF-8"?>
<!-- Generated by org.testng.reporters.JUnitReportReporter -->
<testsuite skipped="0" hostname="manish-PC" name="com.selenium3test.BetterWayToDownloadFile" tests="1" failures="0" timestamp="14 Jun 2017 16:58:16 GMT" time="16.602" errors="0">
  <testcase name="downloadFileRevisitedTest" time="16.602" classname="com.selenium3test.BetterWayToDownloadFile"/>
</testsuite> <!-- com.selenium3test.BetterWayToDownloadFile -->
