<?xml version="1.0" encoding="UTF-8"?>
<!-- Generated by org.testng.reporters.JUnitReportReporter -->
<testsuite skipped="0" hostname="manish-PC" name="com.selenium3test.Iframeexp1" tests="1" failures="0" timestamp="25 Jun 2017 04:44:17 GMT" time="48.420" errors="0">
  <testcase name="criccBuzz" time="48.420" classname="com.selenium3test.Iframeexp1"/>
</testsuite> <!-- com.selenium3test.Iframeexp1 -->
