<?xml version="1.0" encoding="UTF-8"?>
<!-- Generated by org.testng.reporters.JUnitReportReporter -->
<testsuite skipped="0" hostname="ICPL14054" name="com.automation.bd.automation_bd.AppTest" tests="2" failures="0" timestamp="13 Dec 2019 19:59:46 GMT" time="0.009" errors="0">
  <testcase name="AppTest12" time="0.008" classname="com.automation.bd.automation_bd.AppTest"/>
  <testcase name="AppTest13" time="0.001" classname="com.automation.bd.automation_bd.AppTest"/>
</testsuite> <!-- com.automation.bd.automation_bd.AppTest -->
