<?xml version="1.0" encoding="UTF-8"?>
<!-- Generated by org.testng.reporters.JUnitReportReporter -->
<testsuite hostname="NSL-OCT10NL" name="filedownload.Filedownliad2" tests="1" failures="0" timestamp="11 Apr 2016 09:39:24 GMT" time="44.147" errors="0">
  <testcase name="OpenURL" time="44.147" classname="filedownload.Filedownliad2"/>
</testsuite> <!-- filedownload.Filedownliad2 -->
