<?xml version="1.0" encoding="UTF-8"?>
<!-- Generated by org.testng.reporters.JUnitReportReporter -->
<testsuite hostname="manish-PC" name="com.testng.exmple.DataproviderExp1" tests="2" failures="0" timestamp="10 Jul 2017 17:49:47 GMT" time="0.010" errors="0">
  <testcase name="verifyData1" time="0.000" classname="com.testng.exmple.DataproviderExp1"/>
  <testcase name="verifyData1" time="0.010" classname="com.testng.exmple.DataproviderExp1"/>
</testsuite> <!-- com.testng.exmple.DataproviderExp1 -->
