<?xml version="1.0" encoding="UTF-8"?>
<!-- Generated by org.testng.reporters.JUnitReportReporter -->
<testsuite hostname="manish-PC" name="com.testng.exmple.DataproviderExp2" tests="1" failures="0" timestamp="14 May 2017 12:29:47 GMT" time="0.010" errors="0">
  <testcase name="test" time="0.010" classname="com.testng.exmple.DataproviderExp2"/>
</testsuite> <!-- com.testng.exmple.DataproviderExp2 -->
