<?xml version="1.0" encoding="UTF-8"?>
<!-- Generated by org.testng.reporters.JUnitReportReporter -->
<testsuite hostname="manish-PC" name="com.testng.exmple.ParameterExp1" tests="1" failures="0" timestamp="14 May 2017 12:08:57 GMT" time="0.010" errors="0">
  <testcase name="testSingleString" time="0.010" classname="com.testng.exmple.ParameterExp1"/>
</testsuite> <!-- com.testng.exmple.ParameterExp1 -->
