<?xml version="1.0" encoding="UTF-8"?>
<!-- Generated by org.testng.reporters.JUnitReportReporter -->
<testsuite hostname="NSL-OCT10NL" name="com.phoenix.ExpenceDataCreation" tests="6" failures="0" timestamp="23 Feb 2016 15:47:13 GMT" time="1808.038" errors="0">
  <testcase name="main1" time="287.439" classname="com.phoenix.ExpenceDataCreation"/>
  <testcase name="main1" time="398.521" classname="com.phoenix.ExpenceDataCreation"/>
  <testcase name="main1" time="313.232" classname="com.phoenix.ExpenceDataCreation"/>
  <testcase name="main1" time="258.692" classname="com.phoenix.ExpenceDataCreation"/>
  <testcase name="main1" time="289.930" classname="com.phoenix.ExpenceDataCreation"/>
  <testcase name="main1" time="260.224" classname="com.phoenix.ExpenceDataCreation"/>
</testsuite> <!-- com.phoenix.ExpenceDataCreation -->
