<?xml version="1.0" encoding="UTF-8"?>
<!-- Generated by org.testng.reporters.JUnitReportReporter -->
<testsuite hostname="NSL-OCT10NL" name="com.hamcrest.HamcrestTesting" tests="1" failures="0" timestamp="29 Jun 2016 07:33:24 GMT" time="0.030" errors="0">
  <testcase name="test_failed" time="0.030" classname="com.hamcrest.HamcrestTesting"/>
</testsuite> <!-- com.hamcrest.HamcrestTesting -->
