<?xml version="1.0" encoding="UTF-8"?>
<!-- Generated by org.testng.reporters.JUnitReportReporter -->
<testsuite hostname="manish-PC" name="com.testng.exmple.ParallelExp1" tests="12" failures="0" timestamp="16 May 2017 04:22:04 GMT" time="0.110" errors="0">
  <testcase name="testA" time="0.020" classname="com.testng.exmple.ParallelExp1"/>
  <testcase name="testA" time="0.000" classname="com.testng.exmple.ParallelExp1"/>
  <testcase name="testB" time="0.020" classname="com.testng.exmple.ParallelExp1"/>
  <testcase name="testA" time="0.010" classname="com.testng.exmple.ParallelExp1"/>
  <testcase name="testA" time="0.020" classname="com.testng.exmple.ParallelExp1"/>
  <testcase name="testA" time="0.000" classname="com.testng.exmple.ParallelExp1"/>
  <testcase name="testA" time="0.000" classname="com.testng.exmple.ParallelExp1"/>
  <testcase name="testA" time="0.020" classname="com.testng.exmple.ParallelExp1"/>
  <testcase name="testC" time="0.010" classname="com.testng.exmple.ParallelExp1"/>
  <testcase name="testA" time="0.000" classname="com.testng.exmple.ParallelExp1"/>
  <testcase name="testA" time="0.000" classname="com.testng.exmple.ParallelExp1"/>
  <testcase name="testA" time="0.010" classname="com.testng.exmple.ParallelExp1"/>
</testsuite> <!-- com.testng.exmple.ParallelExp1 -->
