<?xml version="1.0" encoding="UTF-8"?>
<!-- Generated by org.testng.reporters.JUnitReportReporter -->
<testsuite hostname="manish-PC" name="com.testng.exmple.Annotationex" tests="2" failures="0" timestamp="29 Jun 2017 04:25:17 GMT" time="0.007" errors="0">
  <testcase name="test3" time="0.001" classname="com.testng.exmple.Annotationex"/>
  <testcase name="test2" time="0.006" classname="com.testng.exmple.Annotationex"/>
</testsuite> <!-- com.testng.exmple.Annotationex -->
