<?xml version="1.0" encoding="UTF-8"?>
<!-- Generated by org.testng.reporters.JUnitReportReporter -->
<testsuite hostname="manish-PC" name="com.testng.exmple.GrpRegexExp1" tests="2" failures="0" timestamp="14 May 2017 10:12:12 GMT" time="0.010" errors="0">
  <testcase name="testWindowsToo" time="0.000" classname="com.testng.exmple.GrpRegexExp1"/>
  <testcase name="testWindowsOnly" time="0.010" classname="com.testng.exmple.GrpRegexExp1"/>
</testsuite> <!-- com.testng.exmple.GrpRegexExp1 -->
