<?xml version="1.0" encoding="UTF-8"?>
<!-- Generated by org.testng.reporters.JUnitReportReporter -->
<testsuite hostname="manish-PC" name="com.testng.exmple.GrpPartialExp1" tests="1" failures="0" timestamp="14 May 2017 11:18:30 GMT" time="0.015" errors="0">
  <testcase name="method1" time="0.015" classname="com.testng.exmple.GrpPartialExp1"/>
</testsuite> <!-- com.testng.exmple.GrpPartialExp1 -->
