<?xml version="1.0" encoding="UTF-8"?>
<!-- Generated by org.testng.reporters.JUnitReportReporter -->
<testsuite skipped="0" hostname="ICPL14054" name="com.automationpoint.TestRunner" tests="2" failures="0" timestamp="22 Dec 2019 08:17:26 GMT" time="0.077" errors="0">
  <testcase name="feature" time="0.003" classname="com.automationpoint.TestRunner"/>
  <testcase name="feature" time="0.074" classname="com.automationpoint.TestRunner"/>
</testsuite> <!-- com.automationpoint.TestRunner -->
