<?xml version="1.0" encoding="UTF-8"?>
<!-- Generated by org.testng.reporters.JUnitXMLReporter -->
<testsuite hostname="NSL-OCT10NL" name="Test-method test3" tests="1" failures="0" timestamp="23 Feb 2016 15:37:09 GMT" time="398.618" errors="0">
  <testcase name="main1" time="398.521" classname="com.phoenix.ExpenceDataCreation"/>
</testsuite> <!-- Test-method test3 -->
