<?xml version="1.0" encoding="UTF-8"?>
<!-- Generated by org.testng.reporters.JUnitXMLReporter -->
<testsuite hostname="NSL-OCT10NL" name="Test-method test1" tests="1" failures="0" timestamp="23 Feb 2016 15:26:48 GMT" time="263.129" errors="0">
  <testcase name="main1" time="263.124" classname="com.phoenix.ExpenceDataCreation"/>
</testsuite> <!-- Test-method test1 -->
