<?xml version="1.0" encoding="UTF-8"?>
<!-- Generated by org.testng.reporters.JUnitXMLReporter -->
<testsuite hostname="NSL-OCT10NL" name="Test-method test5" tests="1" failures="0" timestamp="23 Feb 2016 15:47:12 GMT" time="313.259" errors="0">
  <testcase name="main1" time="313.232" classname="com.phoenix.ExpenceDataCreation"/>
</testsuite> <!-- Test-method test5 -->
