<?xml version="1.0" encoding="UTF-8"?>
<!-- Generated by org.testng.reporters.JUnitXMLReporter -->
<testsuite hostname="NSL-OCT10NL" name="Test-method test4" tests="1" failures="0" timestamp="23 Feb 2016 15:41:59 GMT" time="289.996" errors="0">
  <testcase name="main1" time="289.93" classname="com.phoenix.ExpenceDataCreation"/>
</testsuite> <!-- Test-method test4 -->
