<?xml version="1.0" encoding="UTF-8"?>
<!-- Generated by org.testng.reporters.JUnitXMLReporter -->
<testsuite hostname="NSL-OCT10NL" name="Test-method test" tests="1" failures="0" timestamp="23 Feb 2016 15:22:25 GMT" time="319.063" errors="0">
  <testcase name="main1" time="319.015" classname="com.phoenix.ExpenceDataCreation"/>
</testsuite> <!-- Test-method test -->
